\BOOKMARK [1][-]{section.1}{\376\377\000R\000i\000c\000h\000i\000a\000m\000i\000\040\000d\000i\000\040\000c\000h\000i\000m\000i\000c\000a}{}% 1
\BOOKMARK [1][-]{section.2}{\376\377\000M\000o\000d\000e\000l\000l\000o\000\040\000d\000i\000\040\000D\000r\000u\000d\000e}{}% 2
\BOOKMARK [1][-]{section.3}{\376\377\000I\000l\000\040\000S\000i\000l\000i\000c\000i\000o}{}% 3
\BOOKMARK [2][-]{subsection.3.1}{\376\377\000I\000l\000\040\000s\000i\000l\000i\000c\000i\000o\000\040\000i\000n\000t\000r\000i\000n\000s\000e\000c\000o}{section.3}% 4
\BOOKMARK [3][-]{subsubsection.3.1.1}{\376\377\000C\000o\000n\000c\000e\000t\000t\000o\000\040\000d\000i\000\040\000l\000a\000c\000u\000n\000a}{subsection.3.1}% 5
\BOOKMARK [2][-]{subsection.3.2}{\376\377\000I\000l\000\040\000s\000i\000l\000i\000c\000i\000o\000\040\000d\000r\000o\000g\000a\000t\000o}{section.3}% 6
\BOOKMARK [3][-]{subsubsection.3.2.1}{\376\377\000D\000r\000o\000g\000a\000g\000g\000i\000o\000\040\000c\000o\000n\000\040\000a\000t\000o\000m\000i\000\040\000d\000e\000l\000\040\000g\000r\000u\000p\000p\000o\000\040\000V}{subsection.3.2}% 7
\BOOKMARK [3][-]{subsubsection.3.2.2}{\376\377\000D\000r\000o\000g\000a\000g\000g\000i\000o\000\040\000c\000o\000n\000\040\000a\000t\000o\000m\000i\000\040\000d\000e\000l\000\040\000g\000r\000u\000p\000p\000o\000\040\000I\000I\000I}{subsection.3.2}% 8
\BOOKMARK [2][-]{subsection.3.3}{\376\377\000I\000l\000\040\000d\000r\000o\000g\000a\000g\000g\000i\000o}{section.3}% 9
\BOOKMARK [2][-]{subsection.3.4}{\376\377\000C\000a\000l\000c\000o\000l\000o\000\040\000d\000i\000\040\000p\000\040\000e\000d\000\040\000n}{section.3}% 10
\BOOKMARK [3][-]{subsubsection.3.4.1}{\376\377\000C\000a\000l\000c\000o\000l\000o\000\040\000n\000e\000l\000\040\000c\000a\000s\000o\000\040\000d\000i\000\040\000d\000r\000o\000g\000a\000g\000g\000i\000o\000\040\000N}{subsection.3.4}% 11
\BOOKMARK [3][-]{subsubsection.3.4.2}{\376\377\000C\000a\000l\000c\000o\000l\000o\000\040\000n\000e\000l\000\040\000c\000a\000s\000o\000\040\000d\000i\000\040\000d\000r\000o\000g\000a\000g\000g\000i\000o\000\040\000P}{subsection.3.4}% 12
\BOOKMARK [2][-]{subsection.3.5}{\376\377\000C\000a\000l\000c\000o\000l\000o\000\040\000d\000e\000l\000l\000a\000\040\000c\000o\000n\000d\000u\000c\000i\000b\000i\000l\000i\000t\000\340\000\040\000a\000l\000\040\000v\000a\000r\000i\000a\000r\000e\000\040\000d\000e\000l\000l\000a\000\040\000t\000e\000m\000p\000e\000r\000a\000t\000u\000r\000a}{section.3}% 13
\BOOKMARK [3][-]{subsubsection.3.5.1}{\376\377\000C\000a\000s\000o\000\040\000c\000o\000n\000\040\000s\000i\000l\000i\000c\000i\000o\000\040\000i\000n\000t\000r\000i\000n\000s\000e\000c\000o}{subsection.3.5}% 14
\BOOKMARK [3][-]{subsubsection.3.5.2}{\376\377\000C\000a\000s\000o\000\040\000c\000o\000n\000\040\000s\000i\000l\000i\000c\000i\000o\000\040\000d\000r\000o\000g\000a\000t\000o}{subsection.3.5}% 15
\BOOKMARK [1][-]{section.4}{\376\377\000C\000o\000r\000r\000e\000n\000t\000e\000\040\000d\000i\000\040\000d\000i\000f\000f\000u\000s\000i\000o\000n\000e}{}% 16
\BOOKMARK [2][-]{subsection.4.1}{\376\377\000C\000a\000l\000c\000o\000l\000o\000\040\000d\000e\000l\000l\000a\000\040\000c\000o\000r\000r\000e\000n\000t\000e\000\040\000d\000i\000\040\000d\000i\000f\000f\000u\000s\000i\000o\000n\000e}{section.4}% 17
\BOOKMARK [3][-]{subsubsection.4.1.1}{\376\377\000L\000e\000g\000a\000m\000e\000\040\000t\000r\000a\000\040\000l\000e\000\040\000d\000e\000n\000s\000i\000t\000\340}{subsection.4.1}% 18
\BOOKMARK [2][-]{subsection.4.2}{\376\377\000C\000o\000r\000r\000e\000n\000t\000e\000\040\000d\000i\000\040\000d\000i\000f\000f\000u\000s\000i\000o\000n\000e\000\040\000t\000o\000t\000a\000l\000e}{section.4}% 19
\BOOKMARK [1][-]{section.5}{\376\377\000L\000a\000\040\000G\000i\000u\000n\000z\000i\000o\000n\000e\000\040\000P\000N}{}% 20
\BOOKMARK [2][-]{subsection.5.1}{\376\377\000A\000n\000a\000l\000i\000s\000i\000\040\000s\000e\000n\000z\000a\000\040\000s\000o\000l\000l\000e\000c\000i\000t\000a\000z\000i\000o\000n\000i\000\040\000e\000s\000t\000e\000r\000n\000e}{section.5}% 21
\BOOKMARK [3][-]{subsubsection.5.1.1}{\376\377\000S\000t\000u\000d\000i\000o\000\040\000d\000e\000l\000\040\000c\000a\000m\000p\000o\000\040\000e\000l\000e\000t\000t\000r\000i\000c\000o\000\040\000i\000n\000t\000e\000r\000n\000o\000\040\000a\000l\000l\000a\000\040\000G\000i\000u\000n\000z\000i\000o\000n\000e}{subsection.5.1}% 22
\BOOKMARK [3][-]{subsubsection.5.1.2}{\376\377\000I\000l\000\040\000p\000o\000t\000e\000n\000z\000i\000a\000l\000e\000\040\000i\000n\000t\000e\000r\000n\000o}{subsection.5.1}% 23
\BOOKMARK [3][-]{subsubsection.5.1.3}{\376\377\000L\000a\000\040\000b\000a\000r\000r\000i\000e\000r\000a\000\040\000d\000i\000\040\000p\000o\000t\000e\000n\000z\000i\000a\000l\000e}{subsection.5.1}% 24
\BOOKMARK [3][-]{subsubsection.5.1.4}{\376\377\000P\000o\000t\000e\000n\000z\000i\000a\000l\000e\000\040\000a\000i\000\040\000c\000a\000p\000i\000\040\000d\000e\000l\000\040\000D\000i\000o\000d\000o}{subsection.5.1}% 25
\BOOKMARK [2][-]{subsection.5.2}{\376\377\000A\000n\000a\000l\000i\000s\000i\000\040\000d\000e\000l\000l\000a\000\040\000G\000i\000u\000n\000z\000i\000o\000n\000e\000\040\000P\000o\000l\000a\000r\000i\000z\000z\000a\000t\000a}{section.5}% 26
\BOOKMARK [3][-]{subsubsection.5.2.1}{\376\377\000P\000o\000t\000e\000n\000z\000i\000a\000l\000e\000\040\000p\000o\000s\000i\000t\000i\000v\000o}{subsection.5.2}% 27
\BOOKMARK [3][-]{subsubsection.5.2.2}{\376\377\000P\000o\000t\000e\000n\000z\000i\000a\000l\000e\000\040\000n\000e\000g\000a\000t\000i\000v\000o}{subsection.5.2}% 28
\BOOKMARK [3][-]{subsubsection.5.2.3}{\376\377\000L\000a\000\040\000g\000i\000u\000n\000z\000i\000o\000n\000e\000\040\000c\000o\000m\000e\000\040\000o\000g\000g\000e\000t\000t\000o\000\040\000r\000e\000t\000t\000i\000f\000i\000c\000a\000n\000t\000e}{subsection.5.2}% 29
\BOOKMARK [3][-]{subsubsection.5.2.4}{\376\377\000L\000a\000\040\000z\000o\000n\000a\000\040\000d\000i\000\040\000s\000v\000u\000o\000t\000a\000m\000e\000n\000t\000o}{subsection.5.2}% 30
\BOOKMARK [3][-]{subsubsection.5.2.5}{\376\377\000L\040\031\000e\000q\000u\000a\000z\000i\000o\000n\000e\000\040\000d\000i\000\040\000S\000h\000o\000c\000k\000l\000e\000y\000\040\000p\000e\000r\000\040\000l\000a\000\040\000c\000o\000r\000r\000e\000n\000t\000e}{subsection.5.2}% 31
\BOOKMARK [2][-]{subsection.5.3}{\376\377\000Z\000o\000n\000e\000\040\000d\000i\000\040\000f\000u\000n\000z\000i\000o\000n\000a\000m\000e\000n\000t\000o}{section.5}% 32
\BOOKMARK [1][-]{section.6}{\376\377\000I\000l\000\040\000f\000e\000n\000o\000m\000e\000n\000o\000\040\000d\000e\000l\000\040\000B\000r\000e\000a\000k\000d\000o\000w\000n}{}% 33
\BOOKMARK [2][-]{subsection.6.1}{\376\377\000E\000f\000f\000e\000t\000t\000o\000\040\000Z\000e\000n\000e\000r}{section.6}% 34
\BOOKMARK [3][-]{subsubsection.6.1.1}{\376\377\000I\000n\000f\000l\000u\000e\000n\000z\000a\000\040\000d\000e\000l\000l\000a\000\040\000t\000e\000m\000p\000e\000r\000a\000t\000u\000r\000a\000\040\000s\000u\000l\000l\000'\000e\000f\000f\000e\000t\000t\000o\000\040\000Z\000e\000n\000e\000r}{subsection.6.1}% 35
\BOOKMARK [2][-]{subsection.6.2}{\376\377\000E\000f\000f\000e\000t\000t\000o\000\040\000a\000\040\000v\000a\000l\000a\000n\000g\000a}{section.6}% 36
\BOOKMARK [3][-]{subsubsection.6.2.1}{\376\377\000I\000n\000f\000l\000u\000e\000n\000z\000a\000\040\000d\000e\000l\000l\000a\000\040\000t\000e\000m\000p\000e\000r\000a\000t\000u\000r\000a\000\040\000s\000u\000l\000l\000'\000e\000f\000f\000e\000t\000t\000o\000\040\000a\000\040\000v\000a\000l\000a\000n\000g\000a}{subsection.6.2}% 37
\BOOKMARK [2][-]{subsection.6.3}{\376\377\000C\000o\000n\000s\000i\000d\000e\000r\000a\000z\000i\000o\000n\000i\000\040\000i\000n\000\040\000r\000e\000l\000a\000z\000i\000o\000n\000e\000\040\000a\000l\000l\000a\000\040\000g\000e\000n\000e\000r\000a\000z\000i\000o\000n\000e\000\040\000t\000e\000r\000m\000i\000c\000a}{section.6}% 38
\BOOKMARK [1][-]{section.7}{\376\377\000I\000\040\000d\000i\000o\000d\000i\000\040\000Z\000e\000n\000e\000r}{}% 39
\BOOKMARK [2][-]{subsection.7.1}{\376\377\000C\000a\000s\000o\000\040\000d\000i\000\040\000c\000o\000r\000r\000e\000n\000t\000i\000\040\000e\000l\000e\000v\000a\000t\000e}{section.7}% 40
\BOOKMARK [2][-]{subsection.7.2}{\376\377\000S\000i\000m\000b\000o\000l\000i\000\040\000c\000i\000r\000c\000u\000i\000t\000a\000l\000i\000\040\000d\000e\000i\000\040\000d\000i\000o\000d\000i\000\040\000d\000i\000\040\000Z\000e\000n\000e\000r}{section.7}% 41
\BOOKMARK [1][-]{section.8}{\376\377\000M\000e\000t\000o\000d\000i\000\040\000r\000i\000s\000o\000l\000u\000t\000i\000v\000i\000\040\000p\000e\000r\000\040\000c\000i\000r\000c\000u\000i\000t\000i\000\040\000c\000o\000n\000\040\000d\000i\000o\000d\000i}{}% 42
\BOOKMARK [2][-]{subsection.8.1}{\376\377\000A\000s\000s\000u\000n\000z\000i\000o\000n\000e\000\040\000d\000e\000l\000l\000a\000\040\000t\000e\000n\000s\000i\000o\000n\000e}{section.8}% 43
\BOOKMARK [2][-]{subsection.8.2}{\376\377\000I\000l\000\040\000m\000o\000d\000e\000l\000l\000o\000\040\000m\000a\000t\000e\000m\000a\000t\000i\000c\000o}{section.8}% 44
\BOOKMARK [2][-]{subsection.8.3}{\376\377\000M\000e\000t\000o\000d\000o\000\040\000G\000r\000a\000f\000i\000c\000o}{section.8}% 45
\BOOKMARK [2][-]{subsection.8.4}{\376\377\000M\000o\000d\000e\000l\000l\000i\000\040\000p\000e\000r\000\040\000g\000r\000a\000n\000d\000i\000\040\000s\000e\000g\000n\000a\000l\000i}{section.8}% 46
\BOOKMARK [3][-]{subsubsection.8.4.1}{\376\377\000M\000o\000d\000e\000l\000l\000o\000\040\000a\000\040\000c\000a\000d\000u\000t\000a\000\040\000d\000i\000\040\000t\000e\000n\000s\000i\000o\000n\000e\000\040\000c\000o\000s\000t\000a\000n\000t\000e}{subsection.8.4}% 47
\BOOKMARK [3][-]{subsubsection.8.4.2}{\376\377\000M\000o\000d\000e\000l\000l\000o\000\040\000d\000e\000l\000\040\000d\000i\000o\000d\000o\000\040\000i\000d\000e\000a\000l\000e}{subsection.8.4}% 48
\BOOKMARK [3][-]{subsubsection.8.4.3}{\376\377\000M\000o\000d\000e\000l\000l\000o\000\040\000l\000i\000n\000e\000a\000r\000e\000\040\000a\000\040\000t\000r\000a\000t\000t\000i}{subsection.8.4}% 49
\BOOKMARK [2][-]{subsection.8.5}{\376\377\000E\000s\000e\000m\000p\000i\000o\000\040\000d\000i\000\040\000a\000n\000a\000l\000i\000s\000i\000\040\000d\000i\000\040\000u\000n\000\040\000c\000i\000r\000c\000u\000i\000t\000o\000\040\000c\000o\000n\000\040\000d\000i\000o\000d\000i}{section.8}% 50
\BOOKMARK [3][-]{subsubsection.8.5.1}{\376\377\000R\000i\000s\000o\000l\000u\000z\000i\000o\000n\000e\000\040\000c\000o\000n\000\040\000m\000o\000d\000e\000l\000l\000o\000\040\000a\000\040\000c\000a\000d\000u\000t\000a\000\040\000d\000i\000\040\000t\000e\000n\000s\000i\000o\000n\000e\000\040\000c\000o\000s\000t\000a\000n\000t\000e}{subsection.8.5}% 51
\BOOKMARK [3][-]{subsubsection.8.5.2}{\376\377\000R\000i\000s\000o\000l\000u\000z\000i\000o\000n\000e\000\040\000c\000o\000n\000\040\000m\000o\000d\000e\000l\000l\000o\000\040\000d\000e\000l\000\040\000d\000i\000o\000d\000o\000\040\000i\000d\000e\000a\000l\000e}{subsection.8.5}% 52
\BOOKMARK [3][-]{subsubsection.8.5.3}{\376\377\000R\000i\000s\000o\000l\000u\000z\000i\000o\000n\000e\000\040\000c\000o\000n\000\040\000m\000o\000d\000e\000l\000l\000o\000\040\000l\000i\000n\000e\000a\000r\000e\000\040\000a\000\040\000t\000r\000a\000t\000t\000i}{subsection.8.5}% 53
\BOOKMARK [2][-]{subsection.8.6}{\376\377\000C\000o\000n\000s\000i\000d\000e\000r\000a\000z\000i\000o\000n\000i\000\040\000s\000u\000l\000l\000'\000e\000f\000f\000i\000c\000a\000c\000i\000a\000\040\000d\000e\000i\000\040\000m\000o\000d\000e\000l\000l\000i}{section.8}% 54
\BOOKMARK [1][-]{section.9}{\376\377\000C\000i\000r\000c\000u\000i\000t\000i\000\040\000c\000o\000n\000\040\000d\000i\000o\000d\000i}{}% 55
\BOOKMARK [2][-]{subsection.9.1}{\376\377\000C\000i\000r\000c\000u\000i\000t\000o\000\040\000r\000e\000t\000t\000i\000f\000i\000c\000a\000t\000o\000r\000e}{section.9}% 56
\BOOKMARK [2][-]{subsection.9.2}{\376\377\000I\000l\000\040\000P\000I\000V}{section.9}% 57
\BOOKMARK [2][-]{subsection.9.3}{\376\377\000R\000i\000l\000e\000v\000a\000t\000o\000r\000e\000\040\000d\000i\000\040\000p\000i\000c\000c\000o\000\040\000i\000d\000e\000a\000l\000e}{section.9}% 58
\BOOKMARK [2][-]{subsection.9.4}{\376\377\000C\000i\000r\000c\000u\000i\000t\000o\000\040\000r\000e\000t\000t\000i\000f\000i\000c\000a\000t\000o\000r\000e\000\040\000c\000o\000n\000\040\000f\000i\000l\000t\000r\000o\000\040\000R\000C}{section.9}% 59
\BOOKMARK [1][-]{section.10}{\376\377\000C\000i\000r\000c\000u\000i\000t\000i\000\040\000c\000o\000n\000\040\000t\000r\000a\000s\000f\000o\000r\000m\000a\000t\000o\000r\000i}{}% 60
\BOOKMARK [2][-]{subsection.10.1}{\376\377\000R\000a\000d\000d\000r\000i\000z\000z\000a\000t\000o\000r\000e\000\040\000a\000\040\000d\000o\000p\000p\000i\000a\000\040\000s\000e\000m\000i\000-\000o\000n\000d\000a}{section.10}% 61
\BOOKMARK [3][-]{subsubsection.10.1.1}{\376\377\000R\000a\000d\000d\000r\000i\000z\000z\000a\000t\000o\000r\000e\000\040\000a\000\040\000d\000o\000p\000p\000i\000a\000\040\000s\000e\000m\000i\040\021\000o\000n\000d\000a\000\040\000c\000o\000n\000\040\000t\000r\000a\000s\000f\000o\000r\000m\000a\000t\000o\000r\000e\000\040\000a\000\040\000p\000r\000e\000s\000a\000\040\000c\000e\000n\000t\000r\000a\000l\000e}{subsection.10.1}% 62
\BOOKMARK [4][-]{section*.2}{\376\377\000P\000r\000i\000m\000o\000\040\000s\000e\000m\000i\000-\000p\000e\000r\000i\000o\000d\000o}{subsubsection.10.1.1}% 63
\BOOKMARK [4][-]{section*.3}{\376\377\000S\000e\000c\000o\000n\000d\000o\000\040\000s\000e\000m\000i\000-\000p\000e\000r\000i\000o\000d\000o}{subsubsection.10.1.1}% 64
\BOOKMARK [4][-]{section*.4}{\376\377\000C\000o\000n\000c\000l\000u\000s\000i\000o\000n\000i}{subsubsection.10.1.1}% 65
\BOOKMARK [3][-]{subsubsection.10.1.2}{\376\377\000R\000a\000d\000d\000r\000i\000z\000z\000a\000t\000o\000r\000e\000\040\000a\000\040\000d\000o\000p\000p\000i\000a\000\040\000s\000e\000m\000i\040\021\000o\000n\000d\000a\000\040\000c\000o\000n\000\040\000c\000o\000n\000d\000e\000n\000s\000a\000t\000o\000r\000e}{subsection.10.1}% 66
\BOOKMARK [4][-]{section*.5}{\376\377\000F\000u\000n\000z\000i\000o\000n\000a\000m\000e\000n\000t\000o}{subsubsection.10.1.2}% 67
\BOOKMARK [2][-]{subsection.10.2}{\376\377\000R\000a\000d\000d\000r\000i\000z\000z\000a\000t\000o\000r\000e\000\040\000a\000\040\000p\000o\000n\000t\000e\000\040\000d\000i\000\040\000G\000r\000a\000e\000t\000z}{section.10}% 68
\BOOKMARK [1][-]{section.11}{\376\377\000I\000\040\000r\000e\000g\000o\000l\000a\000t\000o\000r\000i\000\040\000d\000i\000\040\000t\000e\000n\000s\000i\000o\000n\000e}{}% 69
\BOOKMARK [2][-]{subsection.11.1}{\376\377\000R\000e\000g\000o\000l\000a\000t\000o\000r\000i\000\040\000d\000i\000\040\000t\000e\000n\000s\000i\000o\000n\000e\000\040\000Z\000e\000n\000e\000r}{section.11}% 70
\BOOKMARK [2][-]{subsection.11.2}{\376\377\000C\000i\000r\000c\000u\000i\000t\000o\000\040\000r\000e\000g\000o\000l\000a\000t\000o\000r\000e\000\040\000Z\000e\000n\000e\000r}{section.11}% 71
\BOOKMARK [3][-]{subsubsection.11.2.1}{\376\377\000L\000i\000m\000i\000t\000i\000\040\000d\000i\000\040\000f\000u\000n\000z\000i\000o\000n\000a\000m\000e\000n\000t\000o\000\040\000d\000i\000\040\000c\000o\000r\000r\000e\000n\000t\000e}{subsection.11.2}% 72
\BOOKMARK [3][-]{subsubsection.11.2.2}{\376\377\000L\000i\000m\000i\000t\000i\000\040\000d\000i\000\040\000f\000u\000n\000z\000i\000o\000n\000a\000m\000e\000n\000t\000o\000\040\000d\000i\000\040\000P\000o\000t\000e\000n\000z\000a}{subsection.11.2}% 73
\BOOKMARK [1][-]{section.12}{\376\377\000L\000a\000\040\000l\000o\000g\000i\000c\000a\000\040\000a\000\040\000d\000i\000o\000d\000i}{}% 74
\BOOKMARK [2][-]{subsection.12.1}{\376\377\000C\000i\000r\000c\000u\000i\000t\000i\000\040\000l\000o\000g\000i\000c\000i}{section.12}% 75
\BOOKMARK [3][-]{subsubsection.12.1.1}{\376\377\000C\000i\000r\000c\000u\000i\000t\000o\000\040\000p\000e\000r\000\040\000l\000a\000\040\000p\000o\000r\000t\000a\000\040\000A\000N\000D}{subsection.12.1}% 76
\BOOKMARK [3][-]{subsubsection.12.1.2}{\376\377\000C\000i\000r\000c\000u\000i\000t\000o\000\040\000p\000e\000r\000\040\000l\000a\000\040\000p\000o\000r\000t\000a\000\040\000O\000R}{subsection.12.1}% 77
\BOOKMARK [2][-]{subsection.12.2}{\376\377\000P\000r\000o\000b\000l\000e\000m\000a\000t\000i\000c\000h\000e\000\040\000d\000e\000l\000l\000a\000\040\000l\000o\000g\000i\000c\000a\000\040\000a\000\040\000d\000i\000o\000d\000i}{section.12}% 78
\BOOKMARK [1][-]{section.13}{\376\377\000I\000l\000\040\000m\000o\000d\000e\000l\000l\000o\000\040\000p\000e\000r\000\040\000i\000\040\000p\000i\000c\000c\000o\000l\000i\000\040\000s\000e\000g\000n\000a\000l\000i}{}% 79
\BOOKMARK [2][-]{subsection.13.1}{\376\377\000R\000i\000s\000o\000l\000u\000z\000i\000o\000n\000e\000\040\000d\000e\000l\000\040\000p\000r\000i\000m\000o\000\040\000c\000i\000r\000c\000u\000i\000t\000o}{section.13}% 80
\BOOKMARK [1][-]{section.14}{\376\377\000I\000\040\000B\000J\000T\000\040\000-\000\040\000T\000r\000a\000n\000s\000i\000s\000t\000o\000r\000\040\000a\000\040\000g\000i\000u\000n\000z\000i\000o\000n\000e\000\040\000b\000i\000p\000o\000l\000a\000r\000e}{}% 81
\BOOKMARK [2][-]{subsection.14.1}{\376\377\000G\000e\000n\000e\000r\000a\000t\000o\000r\000e\000\040\000d\000i\000\040\000c\000o\000r\000r\000e\000n\000t\000e\000\040\000c\000o\000n\000t\000r\000o\000l\000l\000a\000t\000o\000\040\000i\000n\000\040\000c\000o\000r\000r\000e\000n\000t\000e}{section.14}% 82
\BOOKMARK [3][-]{subsubsection.14.1.1}{\376\377\000C\000a\000r\000a\000t\000t\000e\000r\000i\000s\000t\000i\000c\000h\000e\000\040\000d\000e\000l\000\040\000c\000i\000r\000c\000u\000i\000t\000o}{subsection.14.1}% 83
\BOOKMARK [2][-]{subsection.14.2}{\376\377\000B\000J\000T}{section.14}% 84
\BOOKMARK [3][-]{subsubsection.14.2.1}{\376\377\000I\000n\000t\000r\000o}{subsection.14.2}% 85
\BOOKMARK [3][-]{subsubsection.14.2.2}{\376\377\000Z\000o\000n\000a\000\040\000d\000i\000\040\000f\000u\000n\000z\000i\000o\000n\000a\000m\000e\000n\000t\000o\000\040\000i\000n\000\040\000Z\000o\000n\000a\000\040\000A\000t\000t\000i\000v\000a\000\040\000D\000i\000r\000e\000t\000t\000a}{subsection.14.2}% 86
\BOOKMARK [3][-]{subsubsection.14.2.3}{\376\377\000M\000o\000d\000e\000l\000l\000o\000\040\000d\000i\000\040\000E\000b\000e\000r\000s\000-\000M\000o\000l\000l}{subsection.14.2}% 87
\BOOKMARK [3][-]{subsubsection.14.2.4}{\376\377\000E\000q\000u\000a\000z\000i\000o\000n\000i\000\040\000d\000i\000\040\000E\000b\000e\000r\000s\000-\000M\000o\000l\000l}{subsection.14.2}% 88
\BOOKMARK [3][-]{subsubsection.14.2.5}{\376\377\000R\000i\000e\000p\000i\000l\000o\000g\000o}{subsection.14.2}% 89
\BOOKMARK [3][-]{subsubsection.14.2.6}{\376\377\000S\000t\000r\000u\000t\000t\000u\000r\000a\000\040\000f\000i\000s\000i\000c\000a\000\040\000d\000e\000l\000\040\000B\000J\000T\000\040\000P\000N\000P}{subsection.14.2}% 90
\BOOKMARK [2][-]{subsection.14.3}{\376\377\000B\000J\000T\000\040\000N\000P\000N}{section.14}% 91
\BOOKMARK [3][-]{subsubsection.14.3.1}{\376\377\000M\000o\000d\000e\000l\000l\000o\000\040\000d\000i\000\040\000E\000b\000e\000r\000s\000-\000M\000o\000l\000l\000\040\000p\000e\000r\000\040\000i\000l\000\040\000t\000r\000a\000n\000s\000i\000s\000t\000o\000r\000\040\000N\000P\000N}{subsection.14.3}% 92
\BOOKMARK [3][-]{subsubsection.14.3.2}{\376\377\000C\000a\000r\000a\000t\000t\000e\000r\000i\000s\000t\000i\000c\000h\000e\000\040\000d\000i\000\040\000u\000s\000c\000i\000t\000a}{subsection.14.3}% 93
\BOOKMARK [3][-]{subsubsection.14.3.3}{\376\377\000C\000a\000r\000a\000t\000t\000e\000r\000i\000s\000t\000i\000c\000h\000e\000\040\000d\000i\000\040\000i\000n\000g\000r\000e\000s\000s\000o}{subsection.14.3}% 94
\BOOKMARK [2][-]{subsection.14.4}{\376\377\000E\000f\000f\000e\000t\000t\000o\000\040\000E\000a\000r\000l\000y}{section.14}% 95
\BOOKMARK [2][-]{subsection.14.5}{\376\377\000C\000a\000r\000a\000t\000t\000e\000r\000i\000s\000t\000i\000c\000h\000e\000\040\000d\000i\000\040\000u\000n\000\040\000B\000J\000T\000\040\000P\000N\000P}{section.14}% 96
\BOOKMARK [1][-]{section.15}{\376\377\000I\000\040\000M\000O\000S\000\040\000-\000\040\000M\000e\000t\000a\000l\000\040\000O\000x\000i\000d\000e\000\040\000S\000e\000m\000i\000c\000o\000n\000d\000u\000c\000t\000o\000r}{}% 97
\BOOKMARK [2][-]{subsection.15.1}{\376\377\000T\000r\000a\000n\000s\000i\000s\000t\000o\000r\000i\000\040\000M\000O\000S\000F\000E\000T}{section.15}% 98
\BOOKMARK [2][-]{subsection.15.2}{\376\377\000C\000o\000n\000d\000e\000n\000s\000a\000t\000o\000r\000e\000\040\000M\000O\000S}{section.15}% 99
\BOOKMARK [3][-]{subsubsection.15.2.1}{\376\377\000D\000i\000s\000p\000o\000s\000i\000t\000i\000v\000o\000\040\000i\000n\000\040\000a\000c\000c\000u\000m\000u\000l\000a\000z\000i\000o\000n\000e}{subsection.15.2}% 100
\BOOKMARK [3][-]{subsubsection.15.2.2}{\376\377\000D\000i\000s\000p\000o\000s\000i\000t\000i\000v\000o\000\040\000i\000n\000\040\000s\000v\000u\000o\000t\000a\000m\000e\000n\000t\000o}{subsection.15.2}% 101
\BOOKMARK [3][-]{subsubsection.15.2.3}{\376\377\000D\000i\000s\000p\000o\000s\000i\000t\000i\000v\000o\000\040\000d\000i\000\040\000i\000n\000v\000e\000r\000s\000i\000o\000n\000e}{subsection.15.2}% 102
\BOOKMARK [2][-]{subsection.15.3}{\376\377\000M\000O\000S\000F\000E\000T}{section.15}% 103
\BOOKMARK [3][-]{subsubsection.15.3.1}{\376\377\000M\000O\000S\000F\000E\000T\000\040\000i\000n\000\040\000a\000c\000c\000u\000m\000u\000l\000a\000z\000i\000o\000n\000e}{subsection.15.3}% 104
\BOOKMARK [3][-]{subsubsection.15.3.2}{\376\377\000M\000O\000S\000F\000E\000T\000\040\000i\000n\000\040\000s\000v\000u\000o\000t\000a\000m\000e\000n\000t\000o}{subsection.15.3}% 105
\BOOKMARK [3][-]{subsubsection.15.3.3}{\376\377\000M\000O\000S\000F\000E\000T\000\040\000i\000n\000\040\000i\000n\000v\000e\000r\000s\000i\000o\000n\000e}{subsection.15.3}% 106
\BOOKMARK [2][-]{subsection.15.4}{\376\377\000S\000t\000u\000d\000i\000o\000\040\000d\000e\000l\000\040\000c\000a\000n\000a\000l\000e\000\040\000d\000i\000\040\000u\000n\000\040\000M\000O\000S\000F\000E\000T}{section.15}% 107
\BOOKMARK [3][-]{subsubsection.15.4.1}{\376\377\000c\000a\000s\000o\000\040\000V\000\137\000D\000S\000\040\000>\000\040\0000\000\040\000e\000\040\000p\000i\000c\000c\000o\000l\000a}{subsection.15.4}% 108
\BOOKMARK [3][-]{subsubsection.15.4.2}{\376\377\000C\000a\000s\000o\000\040\000p\000e\000r\000\040\000V\000\137\000D\000S\000>\0000\000\040\000e\000\040\000n\000o\000n\000\040\000t\000r\000a\000s\000c\000u\000r\000a\000b\000i\000l\000e}{subsection.15.4}% 109
\BOOKMARK [3][-]{subsubsection.15.4.3}{\376\377\000S\000t\000r\000o\000z\000z\000a\000m\000e\000n\000t\000o\000\040\000d\000e\000l\000\040\000c\000a\000n\000a\000l\000e}{subsection.15.4}% 110
\BOOKMARK [3][-]{subsubsection.15.4.4}{\376\377\000C\000o\000n\000c\000l\000u\000s\000i\000o\000n\000i}{subsection.15.4}% 111
\BOOKMARK [4][-]{section*.6}{\376\377\000Z\000o\000n\000a\000\040\000d\000i\000\040\000T\000r\000i\000o\000d\000o}{subsubsection.15.4.4}% 112
\BOOKMARK [4][-]{section*.7}{\376\377\000Z\000o\000n\000a\000\040\000d\000i\000\040\000S\000a\000t\000u\000r\000a\000z\000i\000o\000n\000e}{subsubsection.15.4.4}% 113
\BOOKMARK [4][-]{section*.8}{\376\377\000E\000f\000f\000e\000t\000t\000o\000\040\000E\000a\000r\000l\000y}{subsubsection.15.4.4}% 114
\BOOKMARK [3][-]{subsubsection.15.4.5}{\376\377\000L\000a\000\040\000t\000r\000a\000n\000s\000-\000c\000a\000r\000a\000t\000t\000e\000r\000i\000s\000t\000i\000c\000a\000\040\000d\000e\000l\000\040\000M\000O\000S\000F\000E\000T}{subsection.15.4}% 115
\BOOKMARK [2][-]{subsection.15.5}{\376\377\000T\000r\000a\000n\000s\000i\000s\000t\000o\000r\000e\000\040\000M\000O\000S\000F\000E\000T\000\040\000a\000\040\000c\000a\000n\000a\000l\000e\000\040\000P}{section.15}% 116
\BOOKMARK [2][-]{subsection.15.6}{\376\377\000C\000e\000n\000n\000i\000\040\000M\000O\000S\000F\000E\000T\000\040\000a\000\040\000s\000v\000u\000o\000t\000a\000m\000e\000n\000t\000o}{section.15}% 117
\BOOKMARK [2][-]{subsection.15.7}{\376\377\000S\000i\000m\000b\000o\000l\000i\000\040\000c\000i\000r\000c\000u\000i\000t\000a\000l\000i\000\040\000d\000i\000\040\000u\000n\000\040\000M\000O\000S\000F\000E\000T}{section.15}% 118
\BOOKMARK [1][-]{section.16}{\376\377\000P\000o\000l\000a\000r\000i\000z\000z\000a\000z\000i\000o\000n\000e\000\040\000d\000i\000\040\000t\000r\000a\000n\000s\000i\000s\000t\000o\000r\000i\000\040\000B\000J\000T}{}% 119
\BOOKMARK [2][-]{subsection.16.1}{\376\377\000E\000s\000e\000m\000p\000i\000o\000\040\000c\000i\000r\000c\000u\000i\000t\000o\000\040\000B\000J\000T}{section.16}% 120
\BOOKMARK [1][-]{section.17}{\376\377\000P\000o\000l\000a\000r\000i\000z\000z\000a\000z\000i\000o\000n\000e\000\040\000d\000i\000\040\000u\000n\000\040\000M\000O\000S\000F\000E\000T}{}% 121
\BOOKMARK [1][-]{section.18}{\376\377\000I\000\040\000d\000i\000s\000p\000o\000s\000i\000t\000i\000v\000i\000\040\000c\000o\000m\000e\000\040\000q\000u\000a\000d\000r\000i\000p\000o\000l\000i}{}% 122
\BOOKMARK [1][-]{section.19}{\376\377\000G\000l\000i\000\040\000a\000m\000p\000l\000i\000f\000i\000c\000a\000t\000o\000r\000i}{}% 123
\BOOKMARK [2][-]{subsection.19.1}{\376\377\000C\000i\000r\000c\000u\000i\000t\000o\000\040\000e\000q\000u\000i\000v\000a\000l\000e\000n\000t\000e}{section.19}% 124
\BOOKMARK [2][-]{subsection.19.2}{\376\377\000A\000n\000a\000l\000i\000s\000i\000\040\000d\000e\000l\000\040\000c\000i\000r\000c\000u\000i\000t\000o\000\040\000d\000i\000\040\000u\000n\000\040\000a\000m\000p\000l\000i\000f\000i\000c\000a\000t\000o\000r\000e}{section.19}% 125
\BOOKMARK [2][-]{subsection.19.3}{\376\377\000A\000m\000p\000l\000i\000f\000i\000c\000a\000t\000o\000r\000e\000\040\000a\000\040\000e\000m\000e\000t\000t\000i\000t\000o\000r\000e\000\040\000c\000o\000m\000u\000n\000e}{section.19}% 126
\BOOKMARK [3][-]{subsubsection.19.3.1}{\376\377\000A\000n\000a\000l\000i\000s\000i\000\040\000A\000C}{subsection.19.3}% 127
\BOOKMARK [3][-]{subsubsection.19.3.2}{\376\377\000C\000o\000n\000d\000e\000n\000s\000a\000t\000o\000r\000e\000\040\000d\000i\000\040\000b\000y\000p\000a\000s\000s}{subsection.19.3}% 128
\BOOKMARK [3][-]{subsubsection.19.3.3}{\376\377\000R\000e\000s\000i\000s\000t\000e\000n\000z\000a\000\040\000d\000i\000\040\000u\000s\000c\000i\000t\000a}{subsection.19.3}% 129
\BOOKMARK [2][-]{subsection.19.4}{\376\377\000A\000m\000p\000l\000i\000f\000i\000c\000a\000t\000o\000r\000e\000\040\000a\000\040\000c\000o\000l\000l\000e\000t\000t\000o\000r\000e\000\040\000c\000o\000m\000u\000n\000e}{section.19}% 130
\BOOKMARK [3][-]{subsubsection.19.4.1}{\376\377\000R\000e\000s\000i\000s\000t\000e\000n\000z\000e\000\040\000d\000i\000\040\000i\000n\000g\000r\000e\000s\000s\000o\000\040\000e\000\040\000u\000s\000c\000i\000t\000a}{subsection.19.4}% 131
\BOOKMARK [3][-]{subsubsection.19.4.2}{\376\377\000G\000u\000a\000d\000a\000g\000n\000o}{subsection.19.4}% 132
\BOOKMARK [2][-]{subsection.19.5}{\376\377\000A\000m\000p\000l\000i\000f\000i\000c\000a\000t\000o\000r\000e\000\040\000a\000\040\000s\000o\000u\000r\000c\000e\000\040\000c\000o\000m\000u\000n\000e}{section.19}% 133
\BOOKMARK [3][-]{subsubsection.19.5.1}{\376\377\000P\000a\000r\000a\000m\000e\000t\000r\000i\000\040\000d\000i\000\040\000g\000u\000a\000d\000a\000g\000n\000o}{subsection.19.5}% 134
\BOOKMARK [3][-]{subsubsection.19.5.2}{\376\377\000P\000a\000r\000a\000m\000e\000t\000r\000i\000\040\000d\000i\000\040\000r\000e\000s\000i\000s\000t\000e\000n\000z\000a}{subsection.19.5}% 135
\BOOKMARK [3][-]{subsubsection.19.5.3}{\376\377\000C\000a\000s\000o\000\040\000p\000a\000r\000t\000i\000c\000o\000l\000a\000r\000e}{subsection.19.5}% 136
\BOOKMARK [2][-]{subsection.19.6}{\376\377\000A\000m\000p\000l\000i\000f\000i\000c\000a\000t\000o\000r\000e\000\040\000a\000\040\000d\000r\000a\000i\000n\000\040\000i\000n\000\040\000c\000o\000m\000u\000n\000e}{section.19}% 137
\BOOKMARK [3][-]{subsubsection.19.6.1}{\376\377\000P\000a\000r\000a\000m\000e\000t\000r\000i\000\040\000d\000i\000\040\000o\000u\000t\000p\000u\000t}{subsection.19.6}% 138
\BOOKMARK [2][-]{subsection.19.7}{\376\377\000A\000m\000p\000l\000i\000f\000i\000c\000a\000t\000o\000r\000i\000\040\000m\000u\000l\000t\000i\000s\000t\000a\000d\000i\000o}{section.19}% 139
\BOOKMARK [3][-]{subsubsection.19.7.1}{\376\377\000I\000n\000t\000e\000r\000a\000z\000i\000o\000n\000e\000\040\000t\000r\000a\000\040\000s\000t\000a\000d\000i}{subsection.19.7}% 140
\BOOKMARK [1][-]{section.20}{\376\377\000R\000i\000s\000p\000o\000s\000t\000a\000\040\000i\000n\000\040\000f\000r\000e\000q\000u\000e\000n\000z\000a}{}% 141
\BOOKMARK [2][-]{subsection.20.1}{\376\377\000D\000e\000t\000e\000r\000m\000i\000n\000a\000z\000i\000o\000n\000e\000\040\000d\000e\000l\000l\000a\000\040\000r\000i\000s\000p\000o\000s\000t\000a\000\040\000i\000n\000\040\000f\000r\000e\000q\000u\000e\000n\000z\000a}{section.20}% 142
\BOOKMARK [2][-]{subsection.20.2}{\376\377\000R\000u\000o\000l\000o\000\040\000d\000e\000i\000\040\000c\000o\000n\000d\000e\000n\000s\000a\000t\000o\000r\000i}{section.20}% 143
\BOOKMARK [2][-]{subsection.20.3}{\376\377\000D\000i\000a\000g\000r\000a\000m\000m\000a\000\040\000d\000i\000\040\000B\000o\000d\000e}{section.20}% 144
\BOOKMARK [2][-]{subsection.20.4}{\376\377\000U\000t\000i\000l\000i\000z\000z\000i\000\040\000d\000i\000g\000i\000t\000a\000l\000i\000\040\000d\000i\000\040\000a\000m\000p\000l\000i\000f\000i\000c\000a\000t\000o\000r\000i\000\040\000e\000\040\000e\000l\000e\000m\000e\000n\000t\000i\000\040\000a\000t\000t\000i\000v\000i}{section.20}% 145
\BOOKMARK [3][-]{subsubsection.20.4.1}{\376\377\000I\000n\000v\000e\000r\000t\000e\000r}{subsection.20.4}% 146
\BOOKMARK [3][-]{subsubsection.20.4.2}{\376\377\000I\000n\000v\000e\000r\000t\000e\000r\000\040\000c\000o\000n\000\040\000B\000J\000T}{subsection.20.4}% 147
\BOOKMARK [2][-]{subsection.20.5}{\376\377\000T\000e\000o\000r\000i\000a\000\040\000d\000e\000l\000l\000a\000\040\000r\000e\000a\000z\000i\000o\000n\000e\000\040\000s\000e\000m\000p\000l\000i\000f\000i\000c\000a\000t\000a}{section.20}% 148
\BOOKMARK [1][-]{section.21}{\376\377\000A\000m\000p\000l\000i\000f\000i\000c\000a\000t\000o\000r\000i\000\040\000D\000i\000f\000f\000e\000r\000e\000n\000z\000i\000a\000l\000i}{}% 149
\BOOKMARK [2][-]{subsection.21.1}{\376\377\000C\000a\000s\000o\000\040\000r\000e\000a\000l\000e\000\040\000e\000\040\000c\000a\000s\000o\000\040\000i\000d\000e\000a\000l\000e}{section.21}% 150
\BOOKMARK [2][-]{subsection.21.2}{\376\377\000A\000m\000p\000l\000i\000f\000i\000c\000a\000t\000o\000r\000i\000\040\000o\000p\000e\000r\000a\000z\000i\000o\000n\000a\000l\000i}{section.21}% 151
\BOOKMARK [2][-]{subsection.21.3}{\376\377\000C\000i\000r\000c\000u\000i\000t\000o\000\040\000s\000o\000m\000m\000a\000t\000o\000r\000e}{section.21}% 152
\BOOKMARK [2][-]{subsection.21.4}{\376\377\000C\000i\000r\000c\000u\000i\000t\000o\000\040\000s\000o\000t\000t\000r\000a\000t\000t\000o\000r\000e}{section.21}% 153
\BOOKMARK [2][-]{subsection.21.5}{\376\377\000I\000n\000t\000e\000g\000r\000a\000t\000o\000r\000e\000\040\000d\000i\000\040\000M\000i\000l\000l\000e\000r}{section.21}% 154
\BOOKMARK [1][-]{section.22}{\376\377\000I\000\040\000r\000e\000g\000o\000l\000a\000t\000o\000r\000i}{}% 155
\BOOKMARK [2][-]{subsection.22.1}{\376\377\000R\000e\000g\000o\000l\000a\000t\000o\000r\000e\000\040\000d\000i\000\040\000t\000e\000n\000s\000i\000o\000n\000e\000\040\000i\000d\000e\000a\000l\000e}{section.22}% 156
\BOOKMARK [2][-]{subsection.22.2}{\376\377\000R\000e\000g\000o\000l\000a\000t\000o\000r\000e\000\040\000d\000i\000\040\000t\000e\000n\000s\000i\000o\000n\000e\000\040\000l\000i\000n\000e\000a\000r\000e\000\040\000s\000e\000r\000i\000e}{section.22}% 157
\BOOKMARK [3][-]{subsubsection.22.2.1}{\376\377\000C\000i\000r\000c\000u\000i\000t\000o\000\040\000c\000o\000n\000\040\000d\000i\000o\000d\000o\000\040\000Z\000e\000n\000e\000r}{subsection.22.2}% 158
\BOOKMARK [3][-]{subsubsection.22.2.2}{\376\377\000C\000i\000r\000c\000u\000i\000t\000o\000\040\000c\000o\000n\000\040\000a\000m\000p\000l\000i\000f\000i\000c\000a\000t\000o\000r\000e}{subsection.22.2}% 159
\BOOKMARK [2][-]{subsection.22.3}{\376\377\000L\000i\000m\000i\000t\000a\000z\000i\000o\000n\000i\000\040\000i\000n\000\040\000f\000r\000e\000q\000u\000e\000n\000z\000a}{section.22}% 160
\BOOKMARK [2][-]{subsection.22.4}{\376\377\000R\000e\000g\000o\000l\000a\000t\000o\000r\000i\000\040\000d\000i\000\040\000c\000o\000r\000r\000e\000n\000t\000e}{section.22}% 161
\BOOKMARK [3][-]{subsubsection.22.4.1}{\376\377\000C\000o\000m\000p\000o\000n\000e\000n\000t\000e\000\040\0007\0008\000X\000X}{subsection.22.4}% 162
\BOOKMARK [4][-]{section*.9}{\376\377\000P\000r\000o\000b\000l\000e\000m\000i\000\040\000d\000e\000l\000\040\000c\000i\000r\000c\000u\000i\000t\000o}{subsubsection.22.4.1}% 163
\BOOKMARK [2][-]{subsection.22.5}{\376\377\000R\000e\000g\000o\000l\000a\000t\000o\000r\000i\000\040\000s\000w\000i\000t\000c\000h\000i\000n\000g\000\040\000\050\000a\000\040\000c\000o\000m\000m\000u\000t\000a\000z\000i\000o\000n\000e\000\040\000n\000o\000n\000\040\000l\000i\000n\000e\000a\000r\000e\000\051}{section.22}% 164
\BOOKMARK [3][-]{subsubsection.22.5.1}{\376\377\000R\000e\000g\000o\000l\000a\000t\000o\000r\000e\000\040\000f\000o\000r\000w\000a\000r\000d}{subsection.22.5}% 165
\BOOKMARK [4][-]{section*.10}{\376\377\000D\000i\000m\000e\000n\000s\000i\000o\000n\000a\000m\000e\000n\000t\000o\000\040\000d\000e\000l\000\040\000f\000i\000l\000t\000r\000o}{subsubsection.22.5.1}% 166
\BOOKMARK [3][-]{subsubsection.22.5.2}{\376\377\000R\000e\000g\000o\000l\000a\000t\000o\000r\000e\000\040\000f\000l\000y\000b\000a\000c\000k}{subsection.22.5}% 167
\BOOKMARK [3][-]{subsubsection.22.5.3}{\376\377\000I\000s\000o\000l\000a\000m\000e\000n\000t\000o\000\040\000g\000a\000l\000v\000a\000n\000i\000c\000o}{subsection.22.5}% 168
\BOOKMARK [2][-]{subsection.22.6}{\376\377\000R\000e\000g\000o\000l\000a\000t\000o\000r\000i\000\040\000d\000i\000\040\000t\000e\000n\000s\000i\000o\000n\000e\000\040\000c\000o\000n\000\040\000t\000r\000a\000s\000f\000o\000r\000m\000a\000t\000o\000r\000e}{section.22}% 169
\BOOKMARK [3][-]{subsubsection.22.6.1}{\376\377\000R\000e\000g\000o\000l\000a\000t\000o\000r\000e\000\040\000f\000o\000r\000w\000a\000r\000d\000\040\000c\000o\000n\000\040\000t\000r\000a\000s\000f\000o\000r\000m\000a\000t\000o\000r\000e\000\040\000i\000n\000\040\000a\000l\000t\000a\000\040\000f\000r\000e\000q\000u\000e\000n\000z\000a}{subsection.22.6}% 170
\BOOKMARK [3][-]{subsubsection.22.6.2}{\376\377\000R\000e\000g\000o\000l\000a\000t\000o\000r\000e\000\040\000f\000l\000y\000b\000a\000c\000k\000\040\000c\000o\000n\000\040\000t\000r\000a\000s\000f\000o\000r\000m\000a\000t\000o\000r\000e\000\040\000i\000n\000\040\000a\000l\000t\000a\000\040\000f\000r\000e\000q\000u\000e\000n\000z\000a}{subsection.22.6}% 171
\BOOKMARK [2][-]{subsection.22.7}{\376\377\000R\000e\000g\000o\000l\000a\000t\000o\000r\000e\000\040\000s\000w\000i\000t\000c\000h\000i\000n\000g\000\040\000f\000l\000y\000b\000a\000c\000k\000\040\000c\000o\000m\000p\000l\000e\000t\000o\000\040\000c\000o\000n\000\040\000c\000i\000r\000c\000u\000i\000t\000o\000\040\000d\000i\000\040\000r\000e\000g\000o\000l\000a\000z\000i\000o\000n\000e}{section.22}% 172
\BOOKMARK [1][-]{section.23}{\376\377\000C\000i\000r\000c\000u\000i\000t\000i\000\040\000d\000i\000g\000i\000t\000a\000l\000i}{}% 173
\BOOKMARK [2][-]{subsection.23.1}{\376\377\000I\000l\000\040\000s\000e\000g\000n\000a\000l\000e\000\040\000d\000i\000g\000i\000t\000a\000l\000e}{section.23}% 174
\BOOKMARK [2][-]{subsection.23.2}{\376\377\000L\000e\000\040\000t\000e\000c\000n\000o\000l\000o\000g\000i\000e\000\040\000u\000s\000a\000t\000e}{section.23}% 175
\BOOKMARK [3][-]{subsubsection.23.2.1}{\376\377\000I\000n\000v\000e\000r\000t\000e\000r\000\040\000c\000o\000m\000e\000\040\000e\000s\000e\000m\000p\000i\000o\000\040\000d\000i\000\040\000c\000i\000r\000c\000u\000i\000t\000o\000\040\000d\000i\000g\000i\000t\000a\000l\000e}{subsection.23.2}% 176
\BOOKMARK [2][-]{subsection.23.3}{\376\377\000C\000a\000r\000a\000t\000t\000e\000r\000i\000s\000t\000i\000c\000h\000e\000\040\000d\000e\000i\000\040\000c\000i\000r\000c\000u\000i\000t\000i\000\040\000d\000i\000g\000i\000t\000a\000l\000i}{section.23}% 177
\BOOKMARK [3][-]{subsubsection.23.3.1}{\376\377\000F\000a\000n\000-\000i\000n\000\040\000e\000\040\000f\000a\000n\000-\000o\000u\000t}{subsection.23.3}% 178
\BOOKMARK [2][-]{subsection.23.4}{\376\377\000I\000n\000v\000e\000r\000t\000e\000r\000\040\000C\000M\000O\000S}{section.23}% 179
\BOOKMARK [3][-]{subsubsection.23.4.1}{\376\377\000C\000i\000r\000c\000u\000i\000t\000o}{subsection.23.4}% 180
\BOOKMARK [3][-]{subsubsection.23.4.2}{\376\377\000C\000a\000r\000a\000t\000t\000e\000r\000i\000s\000t\000i\000c\000h\000e\000\040\000d\000i\000\040\000P\000M\000O\000S\000,\000\040\000N\000M\000O\000S\000\040\000e\000\040\000d\000i\000\040\000u\000s\000c\000i\000t\000a}{subsection.23.4}% 181
\BOOKMARK [3][-]{subsubsection.23.4.3}{\376\377\000L\000a\000\040\000c\000a\000r\000a\000t\000t\000e\000r\000i\000s\000t\000i\000c\000a\000\040\000d\000i\000\040\000t\000r\000a\000s\000f\000e\000r\000i\000m\000e\000n\000t\000o}{subsection.23.4}% 182
\BOOKMARK [1][-]{section.24}{\376\377\000C\000i\000r\000c\000u\000i\000t\000i\000\040\000l\000o\000g\000i\000c\000i}{}% 183
\BOOKMARK [2][-]{subsection.24.1}{\376\377\000I\000n\000v\000e\000r\000t\000e\000r\000\040\000l\000o\000g\000i\000c\000o}{section.24}% 184
\BOOKMARK [2][-]{subsection.24.2}{\376\377\000S\000c\000h\000e\000m\000a\000\040\000g\000e\000n\000e\000r\000a\000l\000e\000\040\000d\000i\000\040\000u\000n\000a\000\040\000p\000o\000r\000t\000a\000\040\000l\000o\000g\000i\000c\000a}{section.24}% 185
\BOOKMARK [2][-]{subsection.24.3}{\376\377\000R\000e\000g\000o\000l\000e\000\040\000d\000i\000\040\000p\000r\000o\000g\000e\000t\000t\000a\000z\000i\000o\000n\000e}{section.24}% 186
\BOOKMARK [2][-]{subsection.24.4}{\376\377\000P\000o\000r\000t\000e\000\040\000N\000A\000N\000D\000\040\000e\000\040\000N\000O\000R}{section.24}% 187
\BOOKMARK [2][-]{subsection.24.5}{\376\377\000P\000o\000r\000t\000e\000\040\000l\000o\000g\000i\000c\000h\000e\000\040\000p\000i\000\371\000\040\000c\000o\000m\000p\000l\000e\000s\000s\000e}{section.24}% 188
\BOOKMARK [2][-]{subsection.24.6}{\376\377\000O\000s\000s\000e\000r\000v\000a\000z\000i\000o\000n\000e\000\040\000e\000\040\000r\000e\000g\000o\000l\000e\000\040\000g\000e\000n\000e\000r\000a\000l\000i\000\040\000p\000e\000r\000\040\000l\000e\000\040\000r\000e\000t\000i\000\040\000P\000U\000N\000\040\000e\000\040\000P\000D\000N}{section.24}% 189
\BOOKMARK [2][-]{subsection.24.7}{\376\377\000L\000a\000\040\000p\000o\000r\000t\000a\000\040\000l\000o\000g\000i\000c\000a\000\040\000X\000O\000R}{section.24}% 190
\BOOKMARK [2][-]{subsection.24.8}{\376\377\000D\000u\000a\000l\000i\000t\000\340\000\040\000c\000o\000n\000\040\000v\000a\000r\000i\000a\000b\000i\000l\000i\000\040\000n\000o\000n\000\040\000n\000e\000g\000a\000t\000e\000\040\000o\000\040\000n\000o\000n\000\040\000d\000i\000r\000e\000t\000t\000e}{section.24}% 191
\BOOKMARK [2][-]{subsection.24.9}{\376\377\000C\000r\000i\000t\000e\000r\000i\000\040\000d\000i\000\040\000c\000o\000s\000t\000o\000\040\000p\000e\000r\000\040\000i\000\040\000c\000i\000r\000c\000u\000i\000t\000i\000\040\000l\000o\000g\000i\000c\000i}{section.24}% 192
\BOOKMARK [3][-]{subsubsection.24.9.1}{\376\377\000C\000o\000s\000t\000o\000\040\000i\000n\000\040\000t\000e\000r\000m\000i\000n\000i\000\040\000d\000i\000\040\000a\000r\000e\000a}{subsection.24.9}% 193
\BOOKMARK [3][-]{subsubsection.24.9.2}{\376\377\000C\000o\000s\000t\000o\000\040\000i\000n\000\040\000t\000e\000r\000m\000i\000n\000i\000\040\000d\000i\000\040\000t\000e\000m\000p\000o\000\040\000d\000i\000\040\000c\000o\000m\000m\000u\000t\000a\000z\000i\000o\000n\000e}{subsection.24.9}% 194
\BOOKMARK [3][-]{subsubsection.24.9.3}{\376\377\000S\000t\000i\000m\000a\000\040\000d\000e\000i\000\040\000c\000o\000s\000t\000i\000\040\000p\000e\000r\000\040\000N\000A\000N\000D\000\040\000e\000\040\000N\000O\000R}{subsection.24.9}% 195
\BOOKMARK [4][-]{section*.11}{\376\377\000N\000O\000R}{subsubsection.24.9.3}% 196
\BOOKMARK [4][-]{section*.12}{\376\377\000N\000A\000N\000D}{subsubsection.24.9.3}% 197
\BOOKMARK [3][-]{subsubsection.24.9.4}{\376\377\000C\000o\000n\000f\000r\000o\000n\000t\000o}{subsection.24.9}% 198
\BOOKMARK [2][-]{subsection.24.10}{\376\377\000P\000r\000o\000t\000e\000z\000i\000o\000n\000e\000\040\000d\000a\000l\000l\000e\000\040\000s\000c\000a\000r\000i\000c\000h\000e\000\040\000e\000l\000e\000t\000t\000r\000o\000s\000t\000a\000t\000i\000c\000h\000e}{section.24}% 199
\BOOKMARK [3][-]{subsubsection.24.10.1}{\376\377\000C\000i\000r\000c\000u\000i\000t\000o\000\040\000d\000i\000\040\000s\000i\000c\000u\000r\000e\000z\000z\000a}{subsection.24.10}% 200
\BOOKMARK [3][-]{subsubsection.24.10.2}{\376\377\000I\000n\000c\000o\000n\000v\000e\000n\000i\000e\000n\000t\000i}{subsection.24.10}% 201
\BOOKMARK [2][-]{subsection.24.11}{\376\377\000L\000o\000g\000i\000c\000a\000\040\000p\000a\000s\000s\000-\000t\000r\000a\000n\000s\000i\000s\000t\000o\000r}{section.24}% 202
\BOOKMARK [3][-]{subsubsection.24.11.1}{\376\377\000L\000'\000i\000n\000t\000e\000r\000r\000u\000t\000t\000o\000r\000e\000\040\000i\000d\000e\000a\000l\000e}{subsection.24.11}% 203
\BOOKMARK [4][-]{section*.13}{\376\377\000C\000o\000n\000s\000i\000d\000e\000r\000a\000z\000i\000o\000n\000i\000\040\000f\000i\000n\000a\000l\000i}{subsubsection.24.11.1}% 204
\BOOKMARK [3][-]{subsubsection.24.11.2}{\376\377\000I\000l\000\040\000P\000a\000s\000s\000-\000g\000a\000t\000e}{subsection.24.11}% 205
\BOOKMARK [3][-]{subsubsection.24.11.3}{\376\377\000D\000i\000f\000f\000e\000r\000e\000n\000z\000e\000\040\000t\000r\000a\000\040\000c\000i\000r\000c\000u\000i\000t\000i\000\040\000c\000o\000n\000\040\000C\000M\000O\000S\000\040\000e\000\040\000p\000a\000s\000s\000-\000t\000r\000a\000n\000s\000i\000s\000t\000o\000r}{subsection.24.11}% 206
\BOOKMARK [2][-]{subsection.24.12}{\376\377\000I\000l\000\040\000d\000i\000s\000p\000o\000s\000i\000t\000i\000v\000o\000\040\000N\000E\0005\0005\0005}{section.24}% 207
\BOOKMARK [3][-]{subsubsection.24.12.1}{\376\377\000V\000i\000s\000t\000a\000\040\000e\000s\000t\000e\000r\000n\000a}{subsection.24.12}% 208
\BOOKMARK [3][-]{subsubsection.24.12.2}{\376\377\000S\000c\000h\000e\000m\000a\000\040\000i\000n\000t\000e\000r\000n\000o}{subsection.24.12}% 209
\BOOKMARK [3][-]{subsubsection.24.12.3}{\376\377\000S\000i\000m\000b\000o\000l\000o\000\040\000c\000i\000r\000c\000u\000i\000t\000a\000l\000e}{subsection.24.12}% 210
\BOOKMARK [3][-]{subsubsection.24.12.4}{\376\377\000Z\000o\000n\000a\000\040\000d\000i\000\040\000f\000u\000n\000z\000i\000o\000n\000a\000m\000e\000n\000t\000o}{subsection.24.12}% 211
\BOOKMARK [3][-]{subsubsection.24.12.5}{\376\377\000C\000i\000r\000c\000u\000i\000t\000o\000\040\000a\000s\000t\000a\000b\000i\000l\000e\000\040\000c\000o\000n\000\040\000N\000E\0005\0005\0005}{subsection.24.12}% 212
\BOOKMARK [4][-]{section*.14}{\376\377\000I\000n\000t\000r\000o\000d\000u\000z\000i\000o\000n\000e\000\040\000a\000i\000\040\000m\000u\000l\000t\000i\000v\000i\000b\000r\000a\000t\000o\000r\000i}{subsubsection.24.12.5}% 213
\BOOKMARK [4][-]{section*.15}{\376\377\000C\000r\000i\000c\000u\000i\000t\000o\000\040\000a\000s\000t\000a\000b\000i\000l\000e}{subsubsection.24.12.5}% 214
\BOOKMARK [2][-]{subsection.24.13}{\376\377\000O\000s\000c\000i\000l\000l\000a\000t\000o\000r\000e\000\040\000a\000d\000\040\000a\000n\000e\000l\000l\000o}{section.24}% 215
\BOOKMARK [1][-]{section.25}{\376\377\000L\000o\000g\000i\000c\000a\000\040\000s\000e\000q\000u\000e\000n\000z\000i\000a\000l\000e}{}% 216
\BOOKMARK [2][-]{subsection.25.1}{\376\377\000E\000l\000e\000m\000e\000n\000t\000i\000\040\000d\000i\000\040\000m\000e\000m\000o\000r\000i\000a\000\040\000s\000t\000a\000t\000i\000c\000a}{section.25}% 217
\BOOKMARK [3][-]{subsubsection.25.1.1}{\376\377\000L\000a\000t\000c\000h}{subsection.25.1}% 218
